<html>
<head>
<title>TestNG:  Delete Account</title>
<link href="../testng.css" rel="stylesheet" type="text/css" />
<link href="../my-testng.css" rel="stylesheet" type="text/css" />

<style type="text/css">
.log { display: none;} 
.stack-trace { display: none;} 
</style>
<script type="text/javascript">
<!--
function flip(e) {
  current = e.style.display;
  if (current == 'block') {
    e.style.display = 'none';
    return 0;
  }
  else {
    e.style.display = 'block';
    return 1;
  }
}

function toggleBox(szDivId, elem, msg1, msg2)
{
  var res = -1;  if (document.getElementById) {
    res = flip(document.getElementById(szDivId));
  }
  else if (document.all) {
    // this is the way old msie versions work
    res = flip(document.all[szDivId]);
  }
  if(elem) {
    if(res == 0) elem.innerHTML = msg1; else elem.innerHTML = msg2;
  }

}

function toggleAllBoxes() {
  if (document.getElementsByTagName) {
    d = document.getElementsByTagName('div');
    for (i = 0; i < d.length; i++) {
      if (d[i].className == 'log') {
        flip(d[i]);
      }
    }
  }
}

// -->
</script>

</head>
<body>
<h2 align='center'>Delete Account</h2><table border='1' align="center">
<tr>
<td>Tests passed/Failed/Skipped:</td><td>4/0/1</td>
</tr><tr>
<td>Started on:</td><td>Wed Oct 30 02:47:58 EET 2019</td>
</tr>
<tr><td>Total time:</td><td>50 seconds (50228 ms)</td>
</tr><tr>
<td>Included groups:</td><td></td>
</tr><tr>
<td>Excluded groups:</td><td></td>
</tr>
</table><p/>
<small><i>(Hover the method name to see the test class name)</i></small><p/>
<table width='100%' border='1' class='invocation-failed'>
<tr><td colspan='4' align='center'><b>FAILED TESTS</b></td></tr>
<tr><td><b>Test method</b></td>
<td width="30%"><b>Exception</b></td>
<td width="10%"><b>Time (seconds)</b></td>
<td><b>Instance</b></td>
</tr>
<tr>
<td title='bankManager.testcases.OpenAccountTest.openAccountTest()'><b>openAccountTest</b><br>Test class: bankManager.testcases.OpenAccountTest<br>Parameters: {Currency=Dollar, CustomerName=Neville Longbottom, RunMode=Y, Alert=Aaaaaaaaaa}<br/>
<a href="#Output-208539442" onClick='toggleBox("Output-208539442", this, "Show output", "Hide output");'>Show output</a>

<a href="#Output-208539442" onClick="toggleAllBoxes();">Show all outputs</a>
<div class='log' id="Output-208539442">
<a target="_blank" href=Wed_Oct_30_02_47_56_EET_2019.jpg>Screenshot</a><br/>
<br><br/>
<br><br/>
<a target="_blank" href=Wed_Oct_30_02_47_56_EET_2019.jpg><img src=Wed_Oct_30_02_47_56_EET_2019.jpg height=200 width=200></img></a><br/>
</div>
</td>
<td><div><pre>java.lang.AssertionError: java.lang.AssertionError: 
Expected: a string containing &quot;Aaaaaaaaaa&quot;
     but: was &quot;Account created successfully with account Number :1019&quot;
	at bankManager.testcases.OpenAccountTest.openAccountTest(OpenAccountTest.java:50)
	at java.util.ArrayList.forEach(Unknown Source)
Caused by: java.lang.AssertionError: 
Expected: a string containing &quot;Aaaaaaaaaa&quot;
     but: was &quot;Account created successfully with account Number :1019&quot;
	at org.hamcrest.MatcherAssert.assertThat(MatcherAssert.java:20)
	at org.hamcrest.MatcherAssert.assertThat(MatcherAssert.java:6)
	at bankManager.testcases.OpenAccountTest.openAccountTest(OpenAccountTest.java:43)
	... 28 more
... Removed 28 stack frames</pre></div><a href='#' onClick='toggleBox("stack-trace208539442", this, "Click to show all stack frames", "Click to hide stack frames")'>Click to show all stack frames</a>
<div class='stack-trace' id='stack-trace208539442'><pre>java.lang.AssertionError: java.lang.AssertionError: 
Expected: a string containing &quot;Aaaaaaaaaa&quot;
     but: was &quot;Account created successfully with account Number :1019&quot;
	at org.testng.Assert.fail(Assert.java:85)
	at bankManager.testcases.OpenAccountTest.openAccountTest(OpenAccountTest.java:50)
	at sun.reflect.NativeMethodAccessorImpl.invoke0(Native Method)
	at sun.reflect.NativeMethodAccessorImpl.invoke(Unknown Source)
	at sun.reflect.DelegatingMethodAccessorImpl.invoke(Unknown Source)
	at java.lang.reflect.Method.invoke(Unknown Source)
	at org.testng.internal.MethodInvocationHelper.invokeMethod(MethodInvocationHelper.java:133)
	at org.testng.internal.TestInvoker.invokeMethod(TestInvoker.java:584)
	at org.testng.internal.TestInvoker.invokeTestMethod(TestInvoker.java:172)
	at org.testng.internal.MethodRunner.runInSequence(MethodRunner.java:46)
	at org.testng.internal.TestInvoker$MethodInvocationAgent.invoke(TestInvoker.java:804)
	at org.testng.internal.TestInvoker.invokeTestMethods(TestInvoker.java:145)
	at org.testng.internal.TestMethodWorker.invokeTestMethods(TestMethodWorker.java:146)
	at org.testng.internal.TestMethodWorker.run(TestMethodWorker.java:128)
	at java.util.ArrayList.forEach(Unknown Source)
	at org.testng.TestRunner.privateRun(TestRunner.java:770)
	at org.testng.TestRunner.run(TestRunner.java:591)
	at org.testng.SuiteRunner.runTest(SuiteRunner.java:402)
	at org.testng.SuiteRunner.runSequentially(SuiteRunner.java:396)
	at org.testng.SuiteRunner.privateRun(SuiteRunner.java:355)
	at org.testng.SuiteRunner.run(SuiteRunner.java:304)
	at org.testng.SuiteRunnerWorker.runSuite(SuiteRunnerWorker.java:53)
	at org.testng.SuiteRunnerWorker.run(SuiteRunnerWorker.java:96)
	at org.testng.TestNG.runSuitesSequentially(TestNG.java:1180)
	at org.testng.TestNG.runSuitesLocally(TestNG.java:1102)
	at org.testng.TestNG.runSuites(TestNG.java:1032)
	at org.testng.TestNG.run(TestNG.java:1000)
	at org.testng.remote.AbstractRemoteTestNG.run(AbstractRemoteTestNG.java:115)
	at org.testng.remote.RemoteTestNG.initAndRun(RemoteTestNG.java:251)
	at org.testng.remote.RemoteTestNG.main(RemoteTestNG.java:77)
Caused by: java.lang.AssertionError: 
Expected: a string containing &quot;Aaaaaaaaaa&quot;
     but: was &quot;Account created successfully with account Number :1019&quot;
	at org.hamcrest.MatcherAssert.assertThat(MatcherAssert.java:20)
	at org.hamcrest.MatcherAssert.assertThat(MatcherAssert.java:6)
	at bankManager.testcases.OpenAccountTest.openAccountTest(OpenAccountTest.java:43)
	... 28 more
</pre></div></td>
<td>0</td>
<td>bankManager.testcases.OpenAccountTest@11dc3715</td></tr>
</table><p>
<table width='100%' border='1' class='invocation-passed'>
<tr><td colspan='4' align='center'><b>PASSED TESTS</b></td></tr>
<tr><td><b>Test method</b></td>
<td width="30%"><b>Exception</b></td>
<td width="10%"><b>Time (seconds)</b></td>
<td><b>Instance</b></td>
</tr>
<tr>
<td title='bankManager.testcases.DeleteCustomerTest.deleteCustomerTest()'><b>deleteCustomerTest</b><br>Test class: bankManager.testcases.DeleteCustomerTest<br>Parameters: {CustomerName=Harry, RunMode=Y}</td>
<td></td>
<td>11</td>
<td>bankManager.testcases.DeleteCustomerTest@4387b79e</td></tr>
<tr>
<td title='bankManager.testcases.DeleteCustomerTest.deleteCustomerTest()'><b>deleteCustomerTest</b><br>Test class: bankManager.testcases.DeleteCustomerTest<br>Parameters: {CustomerName=Ron, RunMode=Y}</td>
<td></td>
<td>10</td>
<td>bankManager.testcases.DeleteCustomerTest@4387b79e</td></tr>
<tr>
<td title='bankManager.testcases.DeleteCustomerTest.deleteCustomerTest()'><b>deleteCustomerTest</b><br>Test class: bankManager.testcases.DeleteCustomerTest<br>Parameters: {CustomerName=Neville, RunMode=Y}</td>
<td></td>
<td>10</td>
<td>bankManager.testcases.DeleteCustomerTest@4387b79e</td></tr>
<tr>
<td title='bankManager.testcases.DeleteCustomerTest.deleteCustomerTest()'><b>deleteCustomerTest</b><br>Test class: bankManager.testcases.DeleteCustomerTest<br>Parameters: {CustomerName=Hermoine, RunMode=Y}</td>
<td></td>
<td>10</td>
<td>bankManager.testcases.DeleteCustomerTest@4387b79e</td></tr>
<tr>
<td title='bankManager.testcases.OpenAccountTest.openAccountTest()'><b>openAccountTest</b><br>Test class: bankManager.testcases.OpenAccountTest<br>Parameters: {Currency=Pound, CustomerName=Harry Potter, RunMode=Y, Alert=Account created successfully}</td>
<td></td>
<td>1</td>
<td>bankManager.testcases.OpenAccountTest@11dc3715</td></tr>
<tr>
<td title='bankManager.testcases.OpenAccountTest.openAccountTest()'><b>openAccountTest</b><br>Test class: bankManager.testcases.OpenAccountTest<br>Parameters: {Currency=Dollar, CustomerName=Ron Weasly, RunMode=Y, Alert=Account created successfully}</td>
<td></td>
<td>0</td>
<td>bankManager.testcases.OpenAccountTest@11dc3715</td></tr>
<tr>
<td title='bankManager.testcases.OpenAccountTest.openAccountTest()'><b>openAccountTest</b><br>Test class: bankManager.testcases.OpenAccountTest<br>Parameters: {Currency=Pound, CustomerName=Hermoine Granger, RunMode=Y, Alert=Account created successfully}</td>
<td></td>
<td>0</td>
<td>bankManager.testcases.OpenAccountTest@11dc3715</td></tr>
</table><p>
<table width='100%' border='1' class='invocation-skipped'>
<tr><td colspan='4' align='center'><b>SKIPPED TESTS</b></td></tr>
<tr><td><b>Test method</b></td>
<td width="30%"><b>Exception</b></td>
<td width="10%"><b>Time (seconds)</b></td>
<td><b>Instance</b></td>
</tr>
<tr>
<td title='bankManager.testcases.AddCustomerTest.addCustomerTest()'><b>addCustomerTest</b><br>Test class: bankManager.testcases.AddCustomerTest<br>Parameters: {PostCode=A4454578, RunMode=Y, FirstName=Salman, Alert=Customer added successfully, LastName=Sattar}</td>
<td><div><pre>org.testng.SkipException: Skipping the test testBase
	at utilities.DataUtil.checkExecutionSuite(DataUtil.java:75)
	at bankManager.testcases.AddCustomerTest.addCustomerTest(AddCustomerTest.java:26)
	at java.util.ArrayList.forEach(Unknown Source)
... Removed 27 stack frames</pre></div><a href='#' onClick='toggleBox("stack-trace361571676", this, "Click to show all stack frames", "Click to hide stack frames")'>Click to show all stack frames</a>
<div class='stack-trace' id='stack-trace361571676'><pre>org.testng.SkipException: Skipping the test testBase
	at utilities.DataUtil.checkExecutionSuite(DataUtil.java:75)
	at bankManager.testcases.AddCustomerTest.addCustomerTest(AddCustomerTest.java:26)
	at sun.reflect.NativeMethodAccessorImpl.invoke0(Native Method)
	at sun.reflect.NativeMethodAccessorImpl.invoke(Unknown Source)
	at sun.reflect.DelegatingMethodAccessorImpl.invoke(Unknown Source)
	at java.lang.reflect.Method.invoke(Unknown Source)
	at org.testng.internal.MethodInvocationHelper.invokeMethod(MethodInvocationHelper.java:133)
	at org.testng.internal.TestInvoker.invokeMethod(TestInvoker.java:584)
	at org.testng.internal.TestInvoker.invokeTestMethod(TestInvoker.java:172)
	at org.testng.internal.MethodRunner.runInSequence(MethodRunner.java:46)
	at org.testng.internal.TestInvoker$MethodInvocationAgent.invoke(TestInvoker.java:804)
	at org.testng.internal.TestInvoker.invokeTestMethods(TestInvoker.java:145)
	at org.testng.internal.TestMethodWorker.invokeTestMethods(TestMethodWorker.java:146)
	at org.testng.internal.TestMethodWorker.run(TestMethodWorker.java:128)
	at java.util.ArrayList.forEach(Unknown Source)
	at org.testng.TestRunner.privateRun(TestRunner.java:770)
	at org.testng.TestRunner.run(TestRunner.java:591)
	at org.testng.SuiteRunner.runTest(SuiteRunner.java:402)
	at org.testng.SuiteRunner.runSequentially(SuiteRunner.java:396)
	at org.testng.SuiteRunner.privateRun(SuiteRunner.java:355)
	at org.testng.SuiteRunner.run(SuiteRunner.java:304)
	at org.testng.SuiteRunnerWorker.runSuite(SuiteRunnerWorker.java:53)
	at org.testng.SuiteRunnerWorker.run(SuiteRunnerWorker.java:96)
	at org.testng.TestNG.runSuitesSequentially(TestNG.java:1180)
	at org.testng.TestNG.runSuitesLocally(TestNG.java:1102)
	at org.testng.TestNG.runSuites(TestNG.java:1032)
	at org.testng.TestNG.run(TestNG.java:1000)
	at org.testng.remote.AbstractRemoteTestNG.run(AbstractRemoteTestNG.java:115)
	at org.testng.remote.RemoteTestNG.initAndRun(RemoteTestNG.java:251)
	at org.testng.remote.RemoteTestNG.main(RemoteTestNG.java:77)
</pre></div></td>
<td>0</td>
<td>bankManager.testcases.AddCustomerTest@5e4c8041</td></tr>
<tr>
<td title='bankManager.testcases.AddCustomerTest.addCustomerTest()'><b>addCustomerTest</b><br>Test class: bankManager.testcases.AddCustomerTest<br>Parameters: {PostCode=A5454545, RunMode=Y, FirstName=lalu, Alert=Customer added successfully, LastName=lattar}</td>
<td><div><pre>org.testng.SkipException: Skipping the test testBase
	at utilities.DataUtil.checkExecutionSuite(DataUtil.java:75)
	at bankManager.testcases.AddCustomerTest.addCustomerTest(AddCustomerTest.java:26)
	at java.util.ArrayList.forEach(Unknown Source)
... Removed 27 stack frames</pre></div><a href='#' onClick='toggleBox("stack-trace1028472807", this, "Click to show all stack frames", "Click to hide stack frames")'>Click to show all stack frames</a>
<div class='stack-trace' id='stack-trace1028472807'><pre>org.testng.SkipException: Skipping the test testBase
	at utilities.DataUtil.checkExecutionSuite(DataUtil.java:75)
	at bankManager.testcases.AddCustomerTest.addCustomerTest(AddCustomerTest.java:26)
	at sun.reflect.NativeMethodAccessorImpl.invoke0(Native Method)
	at sun.reflect.NativeMethodAccessorImpl.invoke(Unknown Source)
	at sun.reflect.DelegatingMethodAccessorImpl.invoke(Unknown Source)
	at java.lang.reflect.Method.invoke(Unknown Source)
	at org.testng.internal.MethodInvocationHelper.invokeMethod(MethodInvocationHelper.java:133)
	at org.testng.internal.TestInvoker.invokeMethod(TestInvoker.java:584)
	at org.testng.internal.TestInvoker.invokeTestMethod(TestInvoker.java:172)
	at org.testng.internal.MethodRunner.runInSequence(MethodRunner.java:46)
	at org.testng.internal.TestInvoker$MethodInvocationAgent.invoke(TestInvoker.java:804)
	at org.testng.internal.TestInvoker.invokeTestMethods(TestInvoker.java:145)
	at org.testng.internal.TestMethodWorker.invokeTestMethods(TestMethodWorker.java:146)
	at org.testng.internal.TestMethodWorker.run(TestMethodWorker.java:128)
	at java.util.ArrayList.forEach(Unknown Source)
	at org.testng.TestRunner.privateRun(TestRunner.java:770)
	at org.testng.TestRunner.run(TestRunner.java:591)
	at org.testng.SuiteRunner.runTest(SuiteRunner.java:402)
	at org.testng.SuiteRunner.runSequentially(SuiteRunner.java:396)
	at org.testng.SuiteRunner.privateRun(SuiteRunner.java:355)
	at org.testng.SuiteRunner.run(SuiteRunner.java:304)
	at org.testng.SuiteRunnerWorker.runSuite(SuiteRunnerWorker.java:53)
	at org.testng.SuiteRunnerWorker.run(SuiteRunnerWorker.java:96)
	at org.testng.TestNG.runSuitesSequentially(TestNG.java:1180)
	at org.testng.TestNG.runSuitesLocally(TestNG.java:1102)
	at org.testng.TestNG.runSuites(TestNG.java:1032)
	at org.testng.TestNG.run(TestNG.java:1000)
	at org.testng.remote.AbstractRemoteTestNG.run(AbstractRemoteTestNG.java:115)
	at org.testng.remote.RemoteTestNG.initAndRun(RemoteTestNG.java:251)
	at org.testng.remote.RemoteTestNG.main(RemoteTestNG.java:77)
</pre></div></td>
<td>0</td>
<td>bankManager.testcases.AddCustomerTest@5e4c8041</td></tr>
<tr>
<td title='bankManager.testcases.AddCustomerTest.addCustomerTest()'><b>addCustomerTest</b><br>Test class: bankManager.testcases.AddCustomerTest<br>Parameters: {PostCode=B4545, RunMode=Y, FirstName=kalu, Alert=Aaaaaaaaaa, LastName=kattar}</td>
<td><div><pre>org.testng.SkipException: Skipping the test testBase
	at utilities.DataUtil.checkExecutionSuite(DataUtil.java:75)
	at bankManager.testcases.AddCustomerTest.addCustomerTest(AddCustomerTest.java:26)
	at java.util.ArrayList.forEach(Unknown Source)
... Removed 27 stack frames</pre></div><a href='#' onClick='toggleBox("stack-trace7548983", this, "Click to show all stack frames", "Click to hide stack frames")'>Click to show all stack frames</a>
<div class='stack-trace' id='stack-trace7548983'><pre>org.testng.SkipException: Skipping the test testBase
	at utilities.DataUtil.checkExecutionSuite(DataUtil.java:75)
	at bankManager.testcases.AddCustomerTest.addCustomerTest(AddCustomerTest.java:26)
	at sun.reflect.NativeMethodAccessorImpl.invoke0(Native Method)
	at sun.reflect.NativeMethodAccessorImpl.invoke(Unknown Source)
	at sun.reflect.DelegatingMethodAccessorImpl.invoke(Unknown Source)
	at java.lang.reflect.Method.invoke(Unknown Source)
	at org.testng.internal.MethodInvocationHelper.invokeMethod(MethodInvocationHelper.java:133)
	at org.testng.internal.TestInvoker.invokeMethod(TestInvoker.java:584)
	at org.testng.internal.TestInvoker.invokeTestMethod(TestInvoker.java:172)
	at org.testng.internal.MethodRunner.runInSequence(MethodRunner.java:46)
	at org.testng.internal.TestInvoker$MethodInvocationAgent.invoke(TestInvoker.java:804)
	at org.testng.internal.TestInvoker.invokeTestMethods(TestInvoker.java:145)
	at org.testng.internal.TestMethodWorker.invokeTestMethods(TestMethodWorker.java:146)
	at org.testng.internal.TestMethodWorker.run(TestMethodWorker.java:128)
	at java.util.ArrayList.forEach(Unknown Source)
	at org.testng.TestRunner.privateRun(TestRunner.java:770)
	at org.testng.TestRunner.run(TestRunner.java:591)
	at org.testng.SuiteRunner.runTest(SuiteRunner.java:402)
	at org.testng.SuiteRunner.runSequentially(SuiteRunner.java:396)
	at org.testng.SuiteRunner.privateRun(SuiteRunner.java:355)
	at org.testng.SuiteRunner.run(SuiteRunner.java:304)
	at org.testng.SuiteRunnerWorker.runSuite(SuiteRunnerWorker.java:53)
	at org.testng.SuiteRunnerWorker.run(SuiteRunnerWorker.java:96)
	at org.testng.TestNG.runSuitesSequentially(TestNG.java:1180)
	at org.testng.TestNG.runSuitesLocally(TestNG.java:1102)
	at org.testng.TestNG.runSuites(TestNG.java:1032)
	at org.testng.TestNG.run(TestNG.java:1000)
	at org.testng.remote.AbstractRemoteTestNG.run(AbstractRemoteTestNG.java:115)
	at org.testng.remote.RemoteTestNG.initAndRun(RemoteTestNG.java:251)
	at org.testng.remote.RemoteTestNG.main(RemoteTestNG.java:77)
</pre></div></td>
<td>0</td>
<td>bankManager.testcases.AddCustomerTest@5e4c8041</td></tr>
<tr>
<td title='bankManager.testcases.DeleteCustomerTest.deleteCustomerTest()'><b>deleteCustomerTest</b><br>Test class: bankManager.testcases.DeleteCustomerTest<br>Parameters: {CustomerName=Albus, RunMode=N}</td>
<td><div><pre>org.testng.SkipException: Skipping the test DeleteCustomerTest because of the Runmodes
	at utilities.DataUtil.checkExecutionSuite(DataUtil.java:79)
	at bankManager.testcases.DeleteCustomerTest.deleteCustomerTest(DeleteCustomerTest.java:21)
	at java.util.ArrayList.forEach(Unknown Source)
... Removed 27 stack frames</pre></div><a href='#' onClick='toggleBox("stack-trace10304615", this, "Click to show all stack frames", "Click to hide stack frames")'>Click to show all stack frames</a>
<div class='stack-trace' id='stack-trace10304615'><pre>org.testng.SkipException: Skipping the test DeleteCustomerTest because of the Runmodes
	at utilities.DataUtil.checkExecutionSuite(DataUtil.java:79)
	at bankManager.testcases.DeleteCustomerTest.deleteCustomerTest(DeleteCustomerTest.java:21)
	at sun.reflect.NativeMethodAccessorImpl.invoke0(Native Method)
	at sun.reflect.NativeMethodAccessorImpl.invoke(Unknown Source)
	at sun.reflect.DelegatingMethodAccessorImpl.invoke(Unknown Source)
	at java.lang.reflect.Method.invoke(Unknown Source)
	at org.testng.internal.MethodInvocationHelper.invokeMethod(MethodInvocationHelper.java:133)
	at org.testng.internal.TestInvoker.invokeMethod(TestInvoker.java:584)
	at org.testng.internal.TestInvoker.invokeTestMethod(TestInvoker.java:172)
	at org.testng.internal.MethodRunner.runInSequence(MethodRunner.java:46)
	at org.testng.internal.TestInvoker$MethodInvocationAgent.invoke(TestInvoker.java:804)
	at org.testng.internal.TestInvoker.invokeTestMethods(TestInvoker.java:145)
	at org.testng.internal.TestMethodWorker.invokeTestMethods(TestMethodWorker.java:146)
	at org.testng.internal.TestMethodWorker.run(TestMethodWorker.java:128)
	at java.util.ArrayList.forEach(Unknown Source)
	at org.testng.TestRunner.privateRun(TestRunner.java:770)
	at org.testng.TestRunner.run(TestRunner.java:591)
	at org.testng.SuiteRunner.runTest(SuiteRunner.java:402)
	at org.testng.SuiteRunner.runSequentially(SuiteRunner.java:396)
	at org.testng.SuiteRunner.privateRun(SuiteRunner.java:355)
	at org.testng.SuiteRunner.run(SuiteRunner.java:304)
	at org.testng.SuiteRunnerWorker.runSuite(SuiteRunnerWorker.java:53)
	at org.testng.SuiteRunnerWorker.run(SuiteRunnerWorker.java:96)
	at org.testng.TestNG.runSuitesSequentially(TestNG.java:1180)
	at org.testng.TestNG.runSuitesLocally(TestNG.java:1102)
	at org.testng.TestNG.runSuites(TestNG.java:1032)
	at org.testng.TestNG.run(TestNG.java:1000)
	at org.testng.remote.AbstractRemoteTestNG.run(AbstractRemoteTestNG.java:115)
	at org.testng.remote.RemoteTestNG.initAndRun(RemoteTestNG.java:251)
	at org.testng.remote.RemoteTestNG.main(RemoteTestNG.java:77)
</pre></div></td>
<td>0</td>
<td>bankManager.testcases.DeleteCustomerTest@4387b79e</td></tr>
<tr>
<td title='bankManager.testcases.OpenAccountTest.openAccountTest()'><b>openAccountTest</b><br>Test class: bankManager.testcases.OpenAccountTest<br>Parameters: {Currency=Rupee, CustomerName=Albus Dumbledore, RunMode=N, Alert=Account created successfully}</td>
<td><div><pre>org.testng.SkipException: Skipping the test OpenAccountTest because of the Runmodes
	at utilities.DataUtil.checkExecutionSuite(DataUtil.java:79)
	at bankManager.testcases.OpenAccountTest.openAccountTest(OpenAccountTest.java:24)
	at java.util.ArrayList.forEach(Unknown Source)
... Removed 27 stack frames</pre></div><a href='#' onClick='toggleBox("stack-trace646445398", this, "Click to show all stack frames", "Click to hide stack frames")'>Click to show all stack frames</a>
<div class='stack-trace' id='stack-trace646445398'><pre>org.testng.SkipException: Skipping the test OpenAccountTest because of the Runmodes
	at utilities.DataUtil.checkExecutionSuite(DataUtil.java:79)
	at bankManager.testcases.OpenAccountTest.openAccountTest(OpenAccountTest.java:24)
	at sun.reflect.NativeMethodAccessorImpl.invoke0(Native Method)
	at sun.reflect.NativeMethodAccessorImpl.invoke(Unknown Source)
	at sun.reflect.DelegatingMethodAccessorImpl.invoke(Unknown Source)
	at java.lang.reflect.Method.invoke(Unknown Source)
	at org.testng.internal.MethodInvocationHelper.invokeMethod(MethodInvocationHelper.java:133)
	at org.testng.internal.TestInvoker.invokeMethod(TestInvoker.java:584)
	at org.testng.internal.TestInvoker.invokeTestMethod(TestInvoker.java:172)
	at org.testng.internal.MethodRunner.runInSequence(MethodRunner.java:46)
	at org.testng.internal.TestInvoker$MethodInvocationAgent.invoke(TestInvoker.java:804)
	at org.testng.internal.TestInvoker.invokeTestMethods(TestInvoker.java:145)
	at org.testng.internal.TestMethodWorker.invokeTestMethods(TestMethodWorker.java:146)
	at org.testng.internal.TestMethodWorker.run(TestMethodWorker.java:128)
	at java.util.ArrayList.forEach(Unknown Source)
	at org.testng.TestRunner.privateRun(TestRunner.java:770)
	at org.testng.TestRunner.run(TestRunner.java:591)
	at org.testng.SuiteRunner.runTest(SuiteRunner.java:402)
	at org.testng.SuiteRunner.runSequentially(SuiteRunner.java:396)
	at org.testng.SuiteRunner.privateRun(SuiteRunner.java:355)
	at org.testng.SuiteRunner.run(SuiteRunner.java:304)
	at org.testng.SuiteRunnerWorker.runSuite(SuiteRunnerWorker.java:53)
	at org.testng.SuiteRunnerWorker.run(SuiteRunnerWorker.java:96)
	at org.testng.TestNG.runSuitesSequentially(TestNG.java:1180)
	at org.testng.TestNG.runSuitesLocally(TestNG.java:1102)
	at org.testng.TestNG.runSuites(TestNG.java:1032)
	at org.testng.TestNG.run(TestNG.java:1000)
	at org.testng.remote.AbstractRemoteTestNG.run(AbstractRemoteTestNG.java:115)
	at org.testng.remote.RemoteTestNG.initAndRun(RemoteTestNG.java:251)
	at org.testng.remote.RemoteTestNG.main(RemoteTestNG.java:77)
</pre></div></td>
<td>0</td>
<td>bankManager.testcases.OpenAccountTest@11dc3715</td></tr>
</table><p>
</body>
</html>